20:54:06.976 [main] INFO  api.test.UserTests - ******** Creating User **********
20:54:13.969 [main] INFO  api.test.UserTests - ******** User is created **********
20:54:13.990 [main] INFO  api.test.UserTests - ******** Reading User info **********
20:54:14.472 [main] INFO  api.test.UserTests - ******** User info is displayed **********
20:54:14.482 [main] INFO  api.test.UserTests - ******** Updating User **********
20:54:14.956 [main] INFO  api.test.UserTests - ******** User Updated **********
20:54:15.415 [main] INFO  api.test.UserTests - ******** Deleting User **********
20:54:15.805 [main] INFO  api.test.UserTests - ******** User Deleted **********
21:47:43.386 [main] INFO  api.test.UserTests2 - ******** Creating User **********
21:47:43.464 [main] INFO  api.test.UserTests2 - ******** Reading User info **********
21:47:43.474 [main] INFO  api.test.UserTests2 - ******** Updating User **********
21:47:43.487 [main] INFO  api.test.UserTests2 - ******** Deleting User **********
21:49:55.914 [main] INFO  api.test.UserTests2 - ******** Creating User **********
21:50:01.563 [main] INFO  api.test.UserTests2 - ******** Reading User info **********
21:50:01.716 [main] INFO  api.test.UserTests2 - ******** Updating User **********
21:50:01.797 [main] INFO  api.test.UserTests2 - ******** Deleting User **********
21:55:42.833 [main] INFO  api.test.UserTests2 - ******** Creating User **********
21:55:48.647 [main] INFO  api.test.UserTests2 - ******** User is created **********
21:55:48.665 [main] INFO  api.test.UserTests2 - ******** Reading User info **********
21:55:49.204 [main] INFO  api.test.UserTests2 - ******** User info is displayed **********
21:55:49.213 [main] INFO  api.test.UserTests2 - ******** Updating User **********
21:55:49.844 [main] INFO  api.test.UserTests2 - ******** User Updated **********
21:55:50.210 [main] INFO  api.test.UserTests2 - ******** Deleting User **********
21:55:50.541 [main] INFO  api.test.UserTests2 - ******** User Deleted **********
22:23:36.935 [main] INFO  api.test.UserTests2 - ******** Creating User **********
22:23:40.344 [main] INFO  api.test.UserTests2 - ******** User is created **********
22:23:40.353 [main] INFO  api.test.UserTests2 - ******** Reading User info **********
22:23:40.753 [main] INFO  api.test.UserTests2 - ******** User info is displayed **********
22:23:40.757 [main] INFO  api.test.UserTests2 - ******** Updating User **********
22:23:41.102 [main] INFO  api.test.UserTests2 - ******** User Updated **********
22:23:41.436 [main] INFO  api.test.UserTests2 - ******** Deleting User **********
22:23:41.770 [main] INFO  api.test.UserTests2 - ******** User Deleted **********
22:27:41.642 [main] INFO  api.test.UserTests2 - ******** Creating User **********
22:27:45.152 [main] INFO  api.test.UserTests2 - ******** User is created **********
22:27:45.155 [main] INFO  api.test.UserTests2 - ******** Reading User info **********
22:27:45.502 [main] INFO  api.test.UserTests2 - ******** User info is displayed **********
22:27:45.505 [main] INFO  api.test.UserTests2 - ******** Updating User **********
22:27:45.900 [main] INFO  api.test.UserTests2 - ******** User Updated **********
22:27:46.228 [main] INFO  api.test.UserTests2 - ******** Deleting User **********
22:27:46.579 [main] INFO  api.test.UserTests2 - ******** User Deleted **********
